Release 14.5 Map P.58f (lin64)
Xilinx Mapping Report File for Design 'TopEthernetHostMot2'

Design Information
------------------
Command Line   : map -intstyle ise -p xc6slx16-ftg256-2 -w -logic_opt off -ol
high -t 1 -xt 0 -register_duplication off -r 4 -global_opt off -mt off -ir off
-pr off -lc off -power off -o TopEthernetHostMot2_map.ncd
TopEthernetHostMot2.ngd TopEthernetHostMot2.pcf 
Target Device  : xc6slx16
Target Package : ftg256
Target Speed   : -2
Mapper Version : spartan6 -- $Revision: 1.55 $
Mapped Date    : Thu Mar 23 19:34:49 2023

Design Summary
--------------
Number of errors:      0
Number of warnings:    7
Slice Logic Utilization:
  Number of Slice Registers:                 4,103 out of  18,224   22%
    Number used as Flip Flops:               4,048
    Number used as Latches:                     16
    Number used as Latch-thrus:                  0
    Number used as AND/OR logics:               39
  Number of Slice LUTs:                      4,047 out of   9,112   44%
    Number used as logic:                    3,924 out of   9,112   43%
      Number using O6 output only:           2,333
      Number using O5 output only:              72
      Number using O5 and O6:                1,519
      Number used as ROM:                        0
    Number used as Memory:                      28 out of   2,176    1%
      Number used as Dual Port RAM:             12
        Number using O6 output only:             0
        Number using O5 output only:             0
        Number using O5 and O6:                 12
      Number used as Single Port RAM:            0
      Number used as Shift Register:            16
        Number using O6 output only:             8
        Number using O5 output only:             0
        Number using O5 and O6:                  8
    Number used exclusively as route-thrus:     95
      Number with same-slice register load:     86
      Number with same-slice carry load:         9
      Number with other load:                    0

Slice Logic Distribution:
  Number of occupied Slices:                 1,562 out of   2,278   68%
  Number of MUXCYs used:                     1,708 out of   4,556   37%
  Number of LUT Flip Flop pairs used:        5,035
    Number with an unused Flip Flop:         1,760 out of   5,035   34%
    Number with an unused LUT:                 988 out of   5,035   19%
    Number of fully used LUT-FF pairs:       2,287 out of   5,035   45%
    Number of unique control sets:             150
    Number of slice register sites lost
      to control set restrictions:             376 out of  18,224    2%

  A LUT Flip Flop pair for this architecture represents one LUT paired with
  one Flip Flop within a slice.  A control set is a unique combination of
  clock, reset, set, and enable signals for a registered element.
  The Slice Logic Distribution report is not meaningful if the design is
  over-mapped for a non-slice resource or if Placement fails.

IO Utilization:
  Number of bonded IOBs:                       109 out of     186   58%
    Number of LOCed IOBs:                      109 out of     109  100%

Specific Feature Utilization:
  Number of RAMB16BWERs:                        10 out of      32   31%
  Number of RAMB8BWERs:                          1 out of      64    1%
  Number of BUFIO2/BUFIO2_2CLKs:                 2 out of      32    6%
    Number used as BUFIO2s:                      2
    Number used as BUFIO2_2CLKs:                 0
  Number of BUFIO2FB/BUFIO2FB_2CLKs:             2 out of      32    6%
    Number used as BUFIO2FBs:                    2
    Number used as BUFIO2FB_2CLKs:               0
  Number of BUFG/BUFGMUXs:                       4 out of      16   25%
    Number used as BUFGs:                        4
    Number used as BUFGMUX:                      0
  Number of DCM/DCM_CLKGENs:                     2 out of       4   50%
    Number used as DCMs:                         2
    Number used as DCM_CLKGENs:                  0
  Number of ILOGIC2/ISERDES2s:                   0 out of     248    0%
  Number of IODELAY2/IODRP2/IODRP2_MCBs:         0 out of     248    0%
  Number of OLOGIC2/OSERDES2s:                   0 out of     248    0%
  Number of BSCANs:                              0 out of       4    0%
  Number of BUFHs:                               0 out of     128    0%
  Number of BUFPLLs:                             0 out of       8    0%
  Number of BUFPLL_MCBs:                         0 out of       4    0%
  Number of DSP48A1s:                            1 out of      32    3%
  Number of ICAPs:                               1 out of       1  100%
  Number of MCBs:                                0 out of       2    0%
  Number of PCILOGICSEs:                         0 out of       2    0%
  Number of PLL_ADVs:                            0 out of       2    0%
  Number of PMVs:                                0 out of       1    0%
  Number of STARTUPs:                            0 out of       1    0%
  Number of SUSPEND_SYNCs:                       0 out of       1    0%

Average Fanout of Non-Clock Nets:                3.48

Peak Memory Usage:  759 MB
Total REAL time to MAP completion:  2 mins 13 secs 
Total CPU time to MAP completion:   2 mins 12 secs 

Table of Contents
-----------------
Section 1 - Errors
Section 2 - Warnings
Section 3 - Informational
Section 4 - Removed Logic Summary
Section 5 - Removed Logic
Section 6 - IOB Properties
Section 7 - RPMs
Section 8 - Guide Report
Section 9 - Area Group and Partition Summary
Section 10 - Timing Report
Section 11 - Configuration String Information
Section 12 - Control Set Information
Section 13 - Utilization by Hierarchy

Section 1 - Errors
------------------

Section 2 - Warnings
--------------------
WARNING:PhysDesignRules:372 - Gated clock. Clock net
   ahostmot2/makestepgens.makestepgends.generatestepgends[2].usgd.stepgenx/stepm
   ode<2> is sourced by a combinatorial pin. This is not good design practice.
   Use the CE pin to control the loading of data into the flip-flop.
WARNING:PhysDesignRules:372 - Gated clock. Clock net
   ahostmot2/makestepgens.makestepgends.generatestepgends[3].usgd.stepgenx/stepm
   ode<2> is sourced by a combinatorial pin. This is not good design practice.
   Use the CE pin to control the loading of data into the flip-flop.
WARNING:PhysDesignRules:372 - Gated clock. Clock net
   ahostmot2/makestepgens.makestepgends.generatestepgends[1].usgd.stepgenx/stepm
   ode<2> is sourced by a combinatorial pin. This is not good design practice.
   Use the CE pin to control the loading of data into the flip-flop.
WARNING:PhysDesignRules:372 - Gated clock. Clock net
   ahostmot2/makestepgens.makestepgends.generatestepgends[0].usgd.stepgenx/stepm
   ode<2> is sourced by a combinatorial pin. This is not good design practice.
   Use the CE pin to control the loading of data into the flip-flop.
WARNING:PhysDesignRules:367 - The signal
   <processor/StackRam/Mram_RAM1_RAMD_D1_O> is incomplete. The signal does not
   drive any load pins in the design.
WARNING:PhysDesignRules:367 - The signal
   <processor/StackRam/Mram_RAM2_RAMD_D1_O> is incomplete. The signal does not
   drive any load pins in the design.
WARNING:PhysDesignRules:2410 - This design is using one or more 9K Block RAMs
   (RAMB8BWER).  9K Block RAM initialization data, both user defined and
   default, may be incorrect and should not be used.  For more information,
   please reference Xilinx Answer Record 39999.

Section 3 - Informational
-------------------------
INFO:LIT:243 - Logical network LIOBITS<3> has no load.
INFO:LIT:395 - The above info message is repeated 7 more times for the following
   (max. 5 shown):
   LIOBITS<2>,
   LIOBITS<1>,
   LIOBITS<0>,
   processor/StackRam/Mram_RAM31/SPO,
   processor/StackRam/Mram_RAM32/SPO
   To see the details of these info messages, please use the -detail switch.
INFO:MapLib:562 - No environment variables are currently set.
INFO:LIT:244 - All of the single ended outputs in this design are using slew
   rate limited output drivers. The delay on speed critical single ended outputs
   can be dramatically reduced by designating them as fast outputs.
INFO:Pack:1716 - Initializing temperature to 85.000 Celsius. (default - Range:
   0.000 to 85.000 Celsius)
INFO:Pack:1720 - Initializing voltage to 1.140 Volts. (default - Range: 1.140 to
   1.260 Volts)
INFO:Map:215 - The Interim Design Summary has been generated in the MAP Report
   (.mrp).
INFO:Pack:1650 - Map created a placed design.
INFO:PhysDesignRules:1861 - To achieve optimal frequency synthesis performance
   with the CLKFX and CLKFX180 outputs of the DCM comp ClockMult1, consult the
   device Data Sheet.
INFO:PhysDesignRules:1861 - To achieve optimal frequency synthesis performance
   with the CLKFX and CLKFX180 outputs of the DCM comp ClockMult2, consult the
   device Data Sheet.

Section 4 - Removed Logic Summary
---------------------------------
   2 block(s) optimized away

Section 5 - Removed Logic
-------------------------

Optimized Block(s):
TYPE 		BLOCK
GND 		XST_GND
VCC 		XST_VCC

To enable printing of redundant blocks removed and signals merged, set the
detailed map report option and rerun map.

Section 6 - IOB Properties
--------------------------

+---------------------------------------------------------------------------------------------------------------------------------------------------------+
| IOB Name                           | Type             | Direction | IO Standard          | Diff  | Drive    | Slew | Reg (s)      | Resistor | IOB      |
|                                    |                  |           |                      | Term  | Strength | Rate |              |          | Delay    |
+---------------------------------------------------------------------------------------------------------------------------------------------------------+
| CLK                                | IOB              | INPUT     | LVTTL                |       |          |      |              |          |          |
| ECLK                               | IOB              | OUTPUT    | LVTTL                |       | 4        | SLOW |              |          |          |
| ECMD                               | IOB              | OUTPUT    | LVTTL                |       | 4        | SLOW |              |          |          |
| ED<0>                              | IOB              | BIDIR     | LVTTL                |       | 4        | SLOW |              |          |          |
| ED<1>                              | IOB              | BIDIR     | LVTTL                |       | 4        | SLOW |              |          |          |
| ED<2>                              | IOB              | BIDIR     | LVTTL                |       | 4        | SLOW |              |          |          |
| ED<3>                              | IOB              | BIDIR     | LVTTL                |       | 4        | SLOW |              |          |          |
| ED<4>                              | IOB              | BIDIR     | LVTTL                |       | 4        | SLOW |              |          |          |
| ED<5>                              | IOB              | BIDIR     | LVTTL                |       | 4        | SLOW |              |          |          |
| ED<6>                              | IOB              | BIDIR     | LVTTL                |       | 4        | SLOW |              |          |          |
| ED<7>                              | IOB              | BIDIR     | LVTTL                |       | 4        | SLOW |              |          |          |
| ED<8>                              | IOB              | BIDIR     | LVTTL                |       | 4        | SLOW |              |          |          |
| ED<9>                              | IOB              | BIDIR     | LVTTL                |       | 4        | SLOW |              |          |          |
| ED<10>                             | IOB              | BIDIR     | LVTTL                |       | 4        | SLOW |              |          |          |
| ED<11>                             | IOB              | BIDIR     | LVTTL                |       | 4        | SLOW |              |          |          |
| ED<12>                             | IOB              | BIDIR     | LVTTL                |       | 4        | SLOW |              |          |          |
| ED<13>                             | IOB              | BIDIR     | LVTTL                |       | 4        | SLOW |              |          |          |
| ED<14>                             | IOB              | BIDIR     | LVTTL                |       | 4        | SLOW |              |          |          |
| ED<15>                             | IOB              | BIDIR     | LVTTL                |       | 4        | SLOW |              |          |          |
| EINT                               | IOB              | INPUT     | LVTTL                |       |          |      |              | PULLUP   |          |
| IOBITS<0>                          | IOB              | BIDIR     | LVTTL                |       | 24       | SLOW |              |          |          |
| IOBITS<1>                          | IOB              | BIDIR     | LVTTL                |       | 24       | SLOW |              |          |          |
| IOBITS<2>                          | IOB              | BIDIR     | LVTTL                |       | 24       | SLOW |              |          |          |
| IOBITS<3>                          | IOB              | BIDIR     | LVTTL                |       | 24       | SLOW |              |          |          |
| IOBITS<4>                          | IOB              | BIDIR     | LVTTL                |       | 24       | SLOW |              |          |          |
| IOBITS<5>                          | IOB              | BIDIR     | LVTTL                |       | 24       | SLOW |              |          |          |
| IOBITS<6>                          | IOB              | BIDIR     | LVTTL                |       | 24       | SLOW |              |          |          |
| IOBITS<7>                          | IOB              | BIDIR     | LVTTL                |       | 24       | SLOW |              |          |          |
| IOBITS<8>                          | IOB              | BIDIR     | LVTTL                |       | 24       | SLOW |              |          |          |
| IOBITS<9>                          | IOB              | BIDIR     | LVTTL                |       | 24       | SLOW |              |          |          |
| IOBITS<10>                         | IOB              | BIDIR     | LVTTL                |       | 24       | SLOW |              |          |          |
| IOBITS<11>                         | IOB              | BIDIR     | LVTTL                |       | 24       | SLOW |              |          |          |
| IOBITS<12>                         | IOB              | BIDIR     | LVTTL                |       | 24       | SLOW |              |          |          |
| IOBITS<13>                         | IOB              | BIDIR     | LVTTL                |       | 24       | SLOW |              |          |          |
| IOBITS<14>                         | IOB              | BIDIR     | LVTTL                |       | 24       | SLOW |              |          |          |
| IOBITS<15>                         | IOB              | BIDIR     | LVTTL                |       | 24       | SLOW |              |          |          |
| IOBITS<16>                         | IOB              | BIDIR     | LVTTL                |       | 24       | SLOW |              |          |          |
| IOBITS<17>                         | IOB              | BIDIR     | LVTTL                |       | 24       | SLOW |              |          |          |
| IOBITS<18>                         | IOB              | BIDIR     | LVTTL                |       | 24       | SLOW |              |          |          |
| IOBITS<19>                         | IOB              | BIDIR     | LVTTL                |       | 24       | SLOW |              |          |          |
| IOBITS<20>                         | IOB              | BIDIR     | LVTTL                |       | 24       | SLOW |              |          |          |
| IOBITS<21>                         | IOB              | BIDIR     | LVTTL                |       | 24       | SLOW |              |          |          |
| IOBITS<22>                         | IOB              | BIDIR     | LVTTL                |       | 24       | SLOW |              |          |          |
| IOBITS<23>                         | IOB              | BIDIR     | LVTTL                |       | 24       | SLOW |              |          |          |
| IOBITS<24>                         | IOB              | BIDIR     | LVTTL                |       | 24       | SLOW |              |          |          |
| IOBITS<25>                         | IOB              | BIDIR     | LVTTL                |       | 24       | SLOW |              |          |          |
| IOBITS<26>                         | IOB              | BIDIR     | LVTTL                |       | 24       | SLOW |              |          |          |
| IOBITS<27>                         | IOB              | BIDIR     | LVTTL                |       | 24       | SLOW |              |          |          |
| IOBITS<28>                         | IOB              | BIDIR     | LVTTL                |       | 24       | SLOW |              |          |          |
| IOBITS<29>                         | IOB              | BIDIR     | LVTTL                |       | 24       | SLOW |              |          |          |
| IOBITS<30>                         | IOB              | BIDIR     | LVTTL                |       | 24       | SLOW |              |          |          |
| IOBITS<31>                         | IOB              | BIDIR     | LVTTL                |       | 24       | SLOW |              |          |          |
| IOBITS<32>                         | IOB              | BIDIR     | LVTTL                |       | 24       | SLOW |              |          |          |
| IOBITS<33>                         | IOB              | BIDIR     | LVTTL                |       | 24       | SLOW |              |          |          |
| IOBITS<34>                         | IOB              | BIDIR     | LVTTL                |       | 24       | SLOW |              |          |          |
| IOBITS<35>                         | IOB              | BIDIR     | LVTTL                |       | 24       | SLOW |              |          |          |
| IOBITS<36>                         | IOB              | BIDIR     | LVTTL                |       | 24       | SLOW |              |          |          |
| IOBITS<37>                         | IOB              | BIDIR     | LVTTL                |       | 24       | SLOW |              |          |          |
| IOBITS<38>                         | IOB              | BIDIR     | LVTTL                |       | 24       | SLOW |              |          |          |
| IOBITS<39>                         | IOB              | BIDIR     | LVTTL                |       | 24       | SLOW |              |          |          |
| IOBITS<40>                         | IOB              | BIDIR     | LVTTL                |       | 24       | SLOW |              |          |          |
| IOBITS<41>                         | IOB              | BIDIR     | LVTTL                |       | 24       | SLOW |              |          |          |
| IOBITS<42>                         | IOB              | BIDIR     | LVTTL                |       | 24       | SLOW |              |          |          |
| IOBITS<43>                         | IOB              | BIDIR     | LVTTL                |       | 24       | SLOW |              |          |          |
| IOBITS<44>                         | IOB              | BIDIR     | LVTTL                |       | 24       | SLOW |              |          |          |
| IOBITS<45>                         | IOB              | BIDIR     | LVTTL                |       | 24       | SLOW |              |          |          |
| IOBITS<46>                         | IOB              | BIDIR     | LVTTL                |       | 24       | SLOW |              |          |          |
| IOBITS<47>                         | IOB              | BIDIR     | LVTTL                |       | 24       | SLOW |              |          |          |
| IOBITS<48>                         | IOB              | BIDIR     | LVTTL                |       | 24       | SLOW |              |          |          |
| IOBITS<49>                         | IOB              | BIDIR     | LVTTL                |       | 24       | SLOW |              |          |          |
| IOBITS<50>                         | IOB              | BIDIR     | LVTTL                |       | 24       | SLOW |              |          |          |
| IOBITS<51>                         | IOB              | BIDIR     | LVTTL                |       | 24       | SLOW |              |          |          |
| IOBITS<52>                         | IOB              | BIDIR     | LVTTL                |       | 24       | SLOW |              |          |          |
| IOBITS<53>                         | IOB              | BIDIR     | LVTTL                |       | 24       | SLOW |              |          |          |
| IOBITS<54>                         | IOB              | BIDIR     | LVTTL                |       | 24       | SLOW |              |          |          |
| IOBITS<55>                         | IOB              | BIDIR     | LVTTL                |       | 24       | SLOW |              |          |          |
| IOBITS<56>                         | IOB              | BIDIR     | LVTTL                |       | 24       | SLOW |              |          |          |
| IOBITS<57>                         | IOB              | BIDIR     | LVTTL                |       | 24       | SLOW |              |          |          |
| IOBITS<58>                         | IOB              | BIDIR     | LVTTL                |       | 24       | SLOW |              |          |          |
| IOBITS<59>                         | IOB              | BIDIR     | LVTTL                |       | 24       | SLOW |              |          |          |
| IOBITS<60>                         | IOB              | BIDIR     | LVTTL                |       | 24       | SLOW |              |          |          |
| IOBITS<61>                         | IOB              | BIDIR     | LVTTL                |       | 24       | SLOW |              |          |          |
| IOBITS<62>                         | IOB              | BIDIR     | LVTTL                |       | 24       | SLOW |              |          |          |
| IOBITS<63>                         | IOB              | BIDIR     | LVTTL                |       | 24       | SLOW |              |          |          |
| IOBITS<64>                         | IOB              | BIDIR     | LVTTL                |       | 24       | SLOW |              |          |          |
| IOBITS<65>                         | IOB              | BIDIR     | LVTTL                |       | 24       | SLOW |              |          |          |
| IOBITS<66>                         | IOB              | BIDIR     | LVTTL                |       | 24       | SLOW |              |          |          |
| IOBITS<67>                         | IOB              | BIDIR     | LVTTL                |       | 24       | SLOW |              |          |          |
| IOBITS<68>                         | IOB              | BIDIR     | LVTTL                |       | 24       | SLOW |              |          |          |
| IOBITS<69>                         | IOB              | BIDIR     | LVTTL                |       | 24       | SLOW |              |          |          |
| IOBITS<70>                         | IOB              | BIDIR     | LVTTL                |       | 24       | SLOW |              |          |          |
| IOBITS<71>                         | IOB              | BIDIR     | LVTTL                |       | 24       | SLOW |              |          |          |
| LEDS<0>                            | IOB              | OUTPUT    | LVTTL                |       | 8        | SLOW |              |          |          |
| LEDS<1>                            | IOB              | OUTPUT    | LVTTL                |       | 8        | SLOW |              |          |          |
| LEDS<2>                            | IOB              | OUTPUT    | LVTTL                |       | 8        | SLOW |              |          |          |
| LEDS<3>                            | IOB              | OUTPUT    | LVTTL                |       | 8        | SLOW |              |          |          |
| NECS                               | IOB              | OUTPUT    | LVTTL                |       | 4        | SLOW |              |          |          |
| NEREAD                             | IOB              | OUTPUT    | LVTTL                |       | 4        | SLOW |              |          |          |
| NERST                              | IOB              | OUTPUT    | LVTTL                |       | 4        | SLOW |              |          |          |
| NEWRITE                            | IOB              | OUTPUT    | LVTTL                |       | 4        | SLOW |              |          |          |
| NINIT                              | IOB              | OUTPUT    | LVTTL                |       | 4        | SLOW |              |          |          |
| OPTS<0>                            | IOB              | INPUT     | LVCMOS25             |       |          |      |              |          |          |
| OPTS<1>                            | IOB              | INPUT     | LVCMOS25             |       |          |      |              |          |          |
| SPICLK                             | IOB              | OUTPUT    | LVTTL                |       | 4        | SLOW |              |          |          |
| SPICS                              | IOB              | OUTPUT    | LVTTL                |       | 4        | SLOW |              |          |          |
| SPIIN                              | IOB              | INPUT     | LVTTL                |       |          |      |              |          |          |
| SPIOUT                             | IOB              | OUTPUT    | LVTTL                |       | 4        | SLOW |              |          |          |
| TP<0>                              | IOB              | OUTPUT    | LVTTL                |       | 4        | SLOW |              |          |          |
| TP<1>                              | IOB              | OUTPUT    | LVTTL                |       | 4        | SLOW |              |          |          |
+---------------------------------------------------------------------------------------------------------------------------------------------------------+

Section 7 - RPMs
----------------

Section 8 - Guide Report
------------------------
Guide not run on this design.

Section 9 - Area Group and Partition Summary
--------------------------------------------

Partition Implementation Status
-------------------------------

  No Partitions were found in this design.

-------------------------------

Area Group Information
----------------------

  No area groups were found in this design.

----------------------

Section 10 - Timing Report
--------------------------
A logic-level (pre-route) timing report can be generated by using Xilinx static
timing analysis tools, Timing Analyzer (GUI) or TRCE (command line), with the
mapped NCD and PCF files. Please note that this timing report will be generated
using estimated delay information. For accurate numbers, please generate a
timing report with the post Place and Route NCD file.

For more information about the Timing Analyzer, consult the Xilinx Timing
Analyzer Reference Manual; for more information about TRCE, consult the Xilinx
Command Line Tools User Guide "TRACE" chapter.

Section 11 - Configuration String Details
-----------------------------------------
Use the "-detail" map option to print out Configuration Strings

Section 12 - Control Set Information
------------------------------------
Use the "-detail" map option to print out Control Set Information.

Section 13 - Utilization by Hierarchy
-------------------------------------
Use the "-detail" map option to print out the Utilization by Hierarchy section.
