2023-03-29 19:56:40,453 - QTvcp - INFO - Logging to "/home/cnc/linuxcnc/configs/simDragon/qtdragon.log"
2023-03-29 19:56:40,659 - QTvcp - INFO - Base log level set to 20
2023-03-29 19:56:40,659 - QtDesigner.QTVCP.QT_PSTAT - DEBUG - BASENAME qtdragon
2023-03-29 19:56:40,660 - QtDesigner.QTVCP.QT_PSTAT - DEBUG - Checking for handler file in: /home/cnc/linuxcnc/configs/simDragon/qtdragon_handler.py
2023-03-29 19:56:40,660 - QtDesigner.QTVCP.QT_PSTAT - INFO - Using LOCAL handler file path: /home/cnc/linuxcnc/configs/simDragon/qtdragon_handler.py
2023-03-29 19:56:40,660 - QtDesigner.QTVCP.QT_PSTAT - DEBUG - Checking for .ui in: /home/cnc/linuxcnc/configs/simDragon/qtdragon.ui
2023-03-29 19:56:40,660 - QtDesigner.QTVCP.QT_PSTAT - INFO - Using LOCAL ui file from /home/cnc/linuxcnc/configs/simDragon/qtdragon.ui
2023-03-29 19:56:40,661 - QtDesigner.QTVCP.QT_PSTAT - DEBUG - Checking for .qss in: /home/cnc/linuxcnc/configs/simDragon/qtdragon.qss
2023-03-29 19:56:40,661 - QtDesigner.QTVCP.QT_PSTAT - INFO - Using LOCAL qss file from /home/cnc/linuxcnc/configs/simDragon/qtdragon.qss
2023-03-29 19:56:40,661 - QtDesigner.QTVCP.QT_PSTAT - DEBUG - Checking for .qrc in: /home/cnc/linuxcnc/configs/simDragon/qtdragon.qrc
2023-03-29 19:56:40,661 - QtDesigner.QTVCP.QT_PSTAT - INFO - Using LOCAL qrc file from /home/cnc/linuxcnc/configs/simDragon/qtdragon.qrc
2023-03-29 19:56:40,661 - QtDesigner.QTVCP.QT_PSTAT - DEBUG - Checking for resources.py in: /home/cnc/linuxcnc/configs/simDragon/resources.py
2023-03-29 19:56:40,661 - QtDesigner.QTVCP.QT_PSTAT - INFO - Using LOCAL resources.py file from /home/cnc/linuxcnc/configs/simDragon/resources.py
2023-03-29 19:56:40,661 - QTvcp - INFO - Building A Linuxcnc Main Screen
2023-03-29 19:56:40,662 - QTvcp - INFO - No handler file specified on command line
2023-03-29 19:56:40,662 - QTvcp - INFO - No HAL component base name specified on command line using: qtdragon
2023-03-29 19:56:40,782 - QTvcp.QTVCP.QT_MAKEGUI - INFO - Imported resources.py filed: /home/cnc/linuxcnc/configs/simDragon/resources.py
2023-03-29 19:56:42,189 - QTvcp.QTVCP.WIDGETS.BASIC_PROBE - ERROR - No path to BasicProbe Macros Found in INI's [RS274] SUBROUTINE_PATH entry
2023-03-29 19:56:42,539 - QTvcp - INFO - postgui filename: qtdragon_postgui.hal
2023-03-29 19:56:42,559 - QTvcp - INFO - Preference path: /home/cnc/frankenmill/linuxcnc/configs/simDragon/qtdragon.pref
2023-03-29 19:57:17,284 - QtDesigner.QTVCP.QT_ACTION - INFO - Homing Joint: -1
2023-03-29 19:57:48,056 - QTvcp.QTVCP.WIDGETS.DIALOG_WIDGET - DEBUG - Button pressed is: &Yes
2023-03-29 19:57:48,057 - QTvcp.QTVCP.WIDGETS.DIALOG_WIDGET - DEBUG - Value of pressed button: 16384
2023-03-29 19:57:48,103 - QTvcp.QTVCP.QT_MAKEPINS - INFO - Closing cleanup on: basicprobe
